0 info it worked if it ends with ok

1 verbose cli [ 'node', '/usr/local/bin/npm', 'install', 'body-parser' ]
2 info using npm@2.11.3
3 info using node@v0.12.7
4 verbose install initial load of /Users/vforvad/rails_projects/realtime-event-feed/package.json
5 warn package.json @ No description
6 warn package.json @ No repository field.
7 warn package.json @ No README data
8 warn package.json @ No license field.
9 verbose installManyTop reading scoped package data from /Users/vforvad/rails_projects/realtime-event-feed/node_modules/body-parser/package.json
10 verbose installManyTop reading scoped package data from /Users/vforvad/rails_projects/realtime-event-feed/node_modules/express/package.json
11 verbose installManyTop reading scoped package data from /Users/vforvad/rails_projects/realtime-event-feed/node_modules/instagram-node-lib/package.json
12 verbose installManyTop reading scoped package data from /Users/vforvad/rails_projects/realtime-event-feed/node_modules/instagram-realtime/package.json
13 verbose installManyTop reading scoped package data from /Users/vforvad/rails_projects/realtime-event-feed/node_modules/jade/package.json
14 verbose installManyTop reading scoped package data from /Users/vforvad/rails_projects/realtime-event-feed/node_modules/localtunnel/package.json
15 verbose installManyTop reading scoped package data from /Users/vforvad/rails_projects/realtime-event-feed/node_modules/request/package.json
16 verbose installManyTop reading scoped package data from /Users/vforvad/rails_projects/realtime-event-feed/node_modules/socket.io/package.json
17 verbose installManyTop reading scoped package data from /Users/vforvad/rails_projects/realtime-event-feed/node_modules/underscore/package.json
18 verbose installManyTop reading scoped package data from /Users/vforvad/rails_projects/realtime-event-feed/node_modules/unirest/package.json
19 info package.json instagram-node-lib@0.1.1 Invalid filename in 'files' list:
20 info package.json instagram-node-lib@0.1.1 No license field.
21 info package.json socket.io@1.0.6 No license field.
22 info package.json underscore@1.6.0 No license field.
23 verbose readDependencies loading dependencies from /Users/vforvad/rails_projects/realtime-event-feed/package.json
24 verbose install body-parser is installed as 1.4.3
25 silly cache add args [ 'body-parser@1.4.3', null ]
26 verbose cache add spec body-parser@1.4.3
27 silly cache add parsed spec { raw: 'body-parser@1.4.3',
27 silly cache add   scope: null,
27 silly cache add   name: 'body-parser',
27 silly cache add   rawSpec: '1.4.3',
27 silly cache add   spec: '1.4.3',
27 silly cache add   type: 'version' }
28 silly addNamed body-parser@1.4.3
29 verbose addNamed "1.4.3" is a plain semver version for body-parser
30 silly mapToRegistry name body-parser
31 silly mapToRegistry using default registry
32 silly mapToRegistry registry https://registry.npmjs.org/
33 silly mapToRegistry uri https://registry.npmjs.org/body-parser
34 verbose addNameVersion registry:https://registry.npmjs.org/body-parser not in flight; fetching
35 verbose request uri https://registry.npmjs.org/body-parser
36 verbose request no auth needed
37 info attempt registry request try #1 at 11:01:41
38 verbose request id d662e9fdf5d45d3e
39 verbose etag "CU2ZG2X057IYYOCICHA39FH4Z"
40 http request GET https://registry.npmjs.org/body-parser
41 http 304 https://registry.npmjs.org/body-parser
42 silly get cb [ 304,
42 silly get   { date: 'Wed, 12 Aug 2015 08:01:42 GMT',
42 silly get     via: '1.1 varnish',
42 silly get     'cache-control': 'max-age=60',
42 silly get     etag: '"CU2ZG2X057IYYOCICHA39FH4Z"',
42 silly get     age: '9',
42 silly get     connection: 'keep-alive',
42 silly get     'x-served-by': 'cache-fra1245-FRA',
42 silly get     'x-cache': 'HIT',
42 silly get     'x-cache-hits': '2',
42 silly get     'x-timer': 'S1439366502.565304,VS0,VE0',
42 silly get     vary: 'Accept' } ]
43 verbose etag https://registry.npmjs.org/body-parser from cache
44 verbose get saving body-parser to /Users/vforvad/.npm/registry.npmjs.org/body-parser/.cache.json
45 silly cache afterAdd body-parser@1.4.3
46 verbose afterAdd /Users/vforvad/.npm/body-parser/1.4.3/package/package.json not in flight; writing
47 verbose afterAdd /Users/vforvad/.npm/body-parser/1.4.3/package/package.json written
48 silly install resolved [ { name: 'body-parser',
48 silly install resolved     description: 'Node.js body parsing middleware',
48 silly install resolved     version: '1.4.3',
48 silly install resolved     author:
48 silly install resolved      { name: 'Jonathan Ong',
48 silly install resolved        email: 'me@jongleberry.com',
48 silly install resolved        url: 'http://jongleberry.com' },
48 silly install resolved     contributors: [ [Object] ],
48 silly install resolved     license: 'MIT',
48 silly install resolved     repository:
48 silly install resolved      { type: 'git',
48 silly install resolved        url: 'git://github.com/expressjs/body-parser.git' },
48 silly install resolved     dependencies:
48 silly install resolved      { bytes: '1.0.0',
48 silly install resolved        depd: '0.3.0',
48 silly install resolved        'iconv-lite': '0.4.3',
48 silly install resolved        'media-typer': '0.2.0',
48 silly install resolved        qs: '0.6.6',
48 silly install resolved        'raw-body': '1.2.2',
48 silly install resolved        'type-is': '1.3.1' },
48 silly install resolved     devDependencies:
48 silly install resolved      { istanbul: '0.2.10',
48 silly install resolved        mocha: '~1.20.1',
48 silly install resolved        should: '~4.0.4',
48 silly install resolved        supertest: '~0.13.0' },
48 silly install resolved     engines: { node: '>= 0.8' },
48 silly install resolved     scripts:
48 silly install resolved      { test: 'mocha --require should --require test/support/env --reporter spec --check-leaks --bail test/',
48 silly install resolved        'test-cov': 'istanbul cover node_modules/mocha/bin/_mocha -- --require test/support/env --reporter dot --check-leaks test/',
48 silly install resolved        'test-travis': 'istanbul cover node_modules/mocha/bin/_mocha --report lcovonly -- --require test/support/env --reporter spec --check-leaks test/' },
48 silly install resolved     bugs: { url: 'https://github.com/expressjs/body-parser/issues' },
48 silly install resolved     homepage: 'https://github.com/expressjs/body-parser',
48 silly install resolved     _id: 'body-parser@1.4.3',
48 silly install resolved     dist:
48 silly install resolved      { shasum: '4727952cff4af0773eefa4b226c2f4122f5e234d',
48 silly install resolved        tarball: 'http://registry.npmjs.org/body-parser/-/body-parser-1.4.3.tgz' },
48 silly install resolved     _from: 'body-parser@1.4.3',
48 silly install resolved     _npmVersion: '1.4.3',
48 silly install resolved     _npmUser: { name: 'dougwilson', email: 'doug@somethingdoug.com' },
48 silly install resolved     maintainers: [ [Object], [Object], [Object], [Object], [Object], [Object] ],
48 silly install resolved     directories: {},
48 silly install resolved     _shasum: '4727952cff4af0773eefa4b226c2f4122f5e234d',
48 silly install resolved     _resolved: 'https://registry.npmjs.org/body-parser/-/body-parser-1.4.3.tgz',
48 silly install resolved     readme: 'ERROR: No README data found!' } ]
49 info install body-parser@1.4.3 into /Users/vforvad/rails_projects/realtime-event-feed
50 info installOne body-parser@1.4.3
51 verbose installOne of body-parser to /Users/vforvad/rails_projects/realtime-event-feed not in flight; installing
52 warn locking Error: EACCES, open '/Users/vforvad/.npm/_locks/body-parser-1f13b1721cabc9a6.lock'
52 warn locking     at Error (native)
52 warn locking  /Users/vforvad/.npm/_locks/body-parser-1f13b1721cabc9a6.lock failed { [Error: EACCES, open '/Users/vforvad/.npm/_locks/body-parser-1f13b1721cabc9a6.lock']
52 warn locking   errno: -13,
52 warn locking   code: 'EACCES',
52 warn locking   path: '/Users/vforvad/.npm/_locks/body-parser-1f13b1721cabc9a6.lock' }
53 verbose stack Error: Attempt to unlock /Users/vforvad/rails_projects/realtime-event-feed/node_modules/body-parser, which hasn't been locked
53 verbose stack     at unlock (/usr/local/lib/node_modules/npm/lib/utils/locker.js:66:11)
53 verbose stack     at cb (/usr/local/lib/node_modules/npm/lib/install.js:1017:5)
53 verbose stack     at /usr/local/lib/node_modules/npm/lib/install.js:1021:20
53 verbose stack     at /usr/local/lib/node_modules/npm/lib/utils/locker.js:40:9
53 verbose stack     at cb (/usr/local/lib/node_modules/npm/node_modules/lockfile/lockfile.js:149:38)
53 verbose stack     at /usr/local/lib/node_modules/npm/node_modules/lockfile/lockfile.js:177:38
53 verbose stack     at FSReqWrap.oncomplete (fs.js:95:15)
54 verbose cwd /Users/vforvad/rails_projects/realtime-event-feed
55 error Darwin 14.4.0
56 error argv "node" "/usr/local/bin/npm" "install" "body-parser"
57 error node v0.12.7
58 error npm  v2.11.3
59 error Attempt to unlock /Users/vforvad/rails_projects/realtime-event-feed/node_modules/body-parser, which hasn't been locked
60 error If you need help, you may report this error at:
60 error     <https://github.com/npm/npm/issues>
61 verbose exit [ 1, true ]
